调试getmap
调试getmap over
调试load
装载地图simple成功
调试clear
调试prepare_task30,1,51
调试getmap
调试getmap over
调试load
装载地图simple成功
调试clear
调试prepare_task30,7,50
调试getmap
调试getmap over
调试load
装载地图simple成功
调试clear
调试prepare_task30,15,50
调试getmap
调试getmap over
调试load
装载地图hero成功
调试clear
调试prepare_task31,1,50
调试getmap
调试getmap over
调试load
装载地图hero成功
调试clear
调试prepare_task31,15,52
调试getmap
调试getmap over
调试load
装载地图hero成功
调试clear
调试prepare_task31,19,50
调试getmap
调试getmap over
调试load
装载地图simple成功
调试clear
调试prepare_task31,21,50
调试getmap
调试getmap over
调试load
装载地图huashan成功
调试clear
调试prepare_task1,1,50
调试getmap
调试getmap over
调试load
装载地图lake成功
调试clear
调试prepare_task1,15,50
调试getmap
调试getmap over
调试load
装载地图hero成功
调试clear
调试prepare_task1,19,50
调试getmap
调试getmap over
调试load
装载地图hero成功
调试clear
调试prepare_task2,1,51
调试getmap
调试getmap over
调试load
装载地图simple成功
调试clear
调试prepare_task2,7,51
调试getmap
调试getmap over
调试load
装载地图huashan成功
调试clear
调试prepare_task2,15,50
调试getmap
调试getmap over
调试load
装载地图hero成功
调试clear
调试prepare_task3,1,50
调试getmap
调试getmap over
调试load
装载地图lake成功
调试clear
调试prepare_task3,15,50
调试getmap
调试getmap over
调试load
装载地图simple成功
调试clear
调试prepare_task4,1,50
调试getmap
调试getmap over
调试load
装载地图hero成功
调试clear
调试prepare_task5,7,50
调试getmap
调试getmap over
调试load
装载地图hero成功
调试clear
调试prepare_task5,15,50
调试getmap
调试getmap over
调试load
装载地图huashan成功
调试clear
调试prepare_task5,19,50
调试getmap
调试getmap over
调试load
装载地图simple成功
调试clear
调试prepare_task6,19,50
调试getmap
调试getmap over
调试load
装载地图simple成功
调试clear
调试prepare_task6,21,51
调试getmap
调试getmap over
调试load
装载地图hero成功
调试clear
调试prepare_task7,1,51
调试getmap
调试getmap over
调试load
装载地图simple成功
调试clear
调试prepare_task7,7,50
调试getmap
调试getmap over
调试load
装载地图simple成功
调试clear
调试prepare_task7,15,50
调试getmap
调试getmap over
调试load
装载地图lake成功
调试clear
调试prepare_task8,1,51
调试getmap
调试getmap over
调试load
装载地图huashan成功
调试clear
调试prepare_task8,15,50
调试getmap
调试getmap over
调试load
装载地图hero成功
调试clear
调试prepare_task9,1,50
调试getmap
调试getmap over
调试load
装载地图lake成功
调试clear
调试prepare_task9,7,50
调试getmap
调试getmap over
调试load
装载地图hero成功
调试clear
调试prepare_task9,21,50
调试getmap
调试getmap over
调试load
装载地图lake成功
调试clear
调试prepare_task10,1,50
调试getmap
调试getmap over
调试load
装载地图lake成功
调试clear
调试prepare_task10,15,50
调试getmap
调试getmap over
调试load
装载地图huashan成功
调试clear
调试prepare_task11,15,50
调试getmap
调试getmap over
调试load
装载地图simple成功
调试clear
调试prepare_task11,19,50
调试getmap
调试getmap over
调试load
装载地图simple成功
调试clear
调试prepare_task12,15,50
调试getmap
调试getmap over
调试load
装载地图lake成功
调试clear
调试prepare_task13,15,50
调试getmap
调试getmap over
调试load
装载地图hero成功
调试clear
调试prepare_task14,1,51
调试getmap
调试getmap over
调试load
装载地图huashan成功
调试clear
调试prepare_task14,15,50
调试getmap
调试getmap over
调试load
装载地图hero成功
调试clear
调试prepare_task16,7,56
调试getmap
调试getmap over
调试load
装载地图lake成功
调试clear
调试prepare_task18,15,52
调试getmap
调试getmap over
调试load
装载地图huashan成功
调试clear
调试prepare_task18,21,50
调试getmap
调试getmap over
调试load
装载地图huashan成功
调试clear
调试prepare_task20,19,50
调试getmap
调试getmap over
调试load
装载地图hero成功
调试clear
调试prepare_task23,19,50
调试getmap
调试getmap over
调试load
装载地图lake成功
调试clear
调试prepare_task25,15,50
调试getmap
调试getmap over
调试load
装载地图huashan成功
调试clear
调试prepare_task28,1,50
调试getmap
调试getmap over
调试load
装载地图huashan成功
调试clear
调试prepare_task28,7,50
调试getmap
调试getmap over
调试load
装载地图simple成功
调试clear
调试prepare_task2,15,50
调试getmap
调试getmap over
调试load
装载地图hero成功
调试clear
调试prepare_task4,1,51
调试getmap
调试getmap over
调试load
装载地图huashan成功
调试clear
调试prepare_task4,7,50
调试getmap
调试getmap over
调试load
装载地图simple成功
调试clear
调试prepare_task6,7,50
调试getmap
调试getmap over
调试load
装载地图huashan成功
调试clear
调试prepare_task6,15,50
调试getmap
调试getmap over
调试load
装载地图lake成功
调试clear
调试prepare_task9,19,51
调试getmap
调试getmap over
调试load
装载地图lake成功
调试clear
调试prepare_task11,7,50
调试getmap
调试getmap over
调试load
装载地图lake成功
调试clear
调试prepare_task13,1,50
调试getmap
调试getmap over
调试load
装载地图huashan成功
调试clear
调试prepare_task15,1,50
调试getmap
调试getmap over
调试load
装载地图huashan成功
调试clear
调试prepare_task17,1,50
调试getmap
调试getmap over
调试load
装载地图simple成功
调试clear
调试prepare_task20,1,50
调试getmap
调试getmap over
调试load
装载地图simple成功
调试clear
调试prepare_task22,1,50
调试getmap
调试getmap over
调试load
装载地图hero成功
调试clear
调试prepare_task23,19,50
调试getmap
调试getmap over
调试load
装载地图simple成功
调试clear
调试prepare_task25,1,50
调试getmap
调试getmap over
调试load
装载地图hero成功
调试clear
调试prepare_task27,19,50
调试getmap
调试getmap over
调试load
装载地图hero成功
调试clear
调试prepare_task9,1,50
调试getmap
调试getmap over
调试load
装载地图simple成功
调试clear
调试prepare_task9,15,50
调试getmap
调试getmap over
调试load
装载地图huashan成功
调试clear
调试prepare_task11,21,50
调试getmap
调试getmap over
调试load
装载地图simple成功
调试clear
调试prepare_task14,19,50
调试getmap
调试getmap over
调试load
装载地图hero成功
调试clear
调试prepare_task15,1,50
调试getmap
调试getmap over
调试load
装载地图huashan成功
调试clear
调试prepare_task16,15,50
调试getmap
调试getmap over
调试load
装载地图simple成功
调试clear
调试prepare_task19,19,50
